2024-01-02 14:25:22,192 [INFO] Vivent Health CM New Intakes.
2024-01-02 14:25:33,367 [INFO] Sending email.
2024-01-02 14:25:35,390 [INFO] Vivent Health CM New Intakes email sent to Mitch Scoggins
2024-01-02 14:25:35,439 [INFO] Vivent Health CM New Intakes.
2024-01-02 14:42:21,361 [INFO] _340b MOU Data.
2024-01-02 14:44:13,746 [INFO] _340b MOU Data.
2024-01-02 14:45:14,419 [INFO] _340b MOU Data.
2024-01-02 14:45:29,456 [INFO] Sending email.
2024-01-02 14:45:31,150 [INFO] _340b MOU Data email sent to Mitch Scoggins
2024-01-02 14:45:31,202 [INFO] _340b MOU Data.
2024-01-02 14:46:33,322 [INFO] _340b MOU Data.
2024-01-02 14:46:47,749 [INFO] Sending email.
2024-01-02 14:46:49,578 [INFO] 340b MOU Data email sent to Mitch Scoggins
2024-01-02 14:46:49,629 [INFO] _340b MOU Data.
2024-01-02 14:48:00,952 [INFO] _340b MOU Data.
2024-01-02 14:48:15,704 [INFO] Sending email.
2024-01-02 14:48:17,522 [INFO] 340b MOU Data email sent to Mitch Scoggins
2024-01-02 14:48:17,582 [INFO] _340b MOU Data.
2024-01-07 09:57:49,171 [INFO] Vivent Health CM New Intakes.
2024-01-07 09:59:35,004 [INFO] Vivent Health CM New Intakes.
2024-01-07 09:59:47,720 [INFO] Sending email.
2024-01-07 09:59:51,775 [INFO] Vivent Health CM New Intakes email sent to Yi Oh, Jess Reese
2024-01-07 09:59:51,828 [INFO] Vivent Health CM New Intakes.
2024-01-07 09:59:51,831 [INFO] _340b MOU Data.
2024-01-07 10:03:05,317 [INFO] Sending email.
2024-01-07 10:03:07,731 [INFO] 340b MOU Data email sent to Eric Bauch, Dan Scales
2024-01-07 10:03:07,792 [INFO] _340b MOU Data.
2024-01-14 05:38:33,205 [INFO] Vivent Health CM New Intakes.
2024-01-14 05:38:45,797 [INFO] Sending email.
2024-01-14 05:38:48,551 [INFO] Vivent Health CM New Intakes email sent to Yi Oh, Jess Reese
2024-01-14 05:38:48,605 [INFO] Vivent Health CM New Intakes.
2024-01-14 05:38:48,606 [INFO] _340b MOU Data.
2024-01-14 05:39:09,167 [INFO] Sending email.
2024-01-14 05:39:11,447 [INFO] 340b MOU Data email sent to Eric Bauch, Dan Scales
2024-01-14 05:39:11,506 [INFO] _340b MOU Data.
2024-01-21 07:03:45,341 [INFO] Vivent Health CM New Intakes.
2024-01-21 07:03:58,410 [INFO] Sending email.
2024-01-21 07:04:02,098 [INFO] Vivent Health CM New Intakes email sent to Yi Oh, Carla Washington
2024-01-21 07:04:02,165 [INFO] Vivent Health CM New Intakes.
2024-01-21 07:04:02,165 [INFO] _340b MOU Data.
2024-01-21 07:04:42,320 [INFO] Sending email.
2024-01-21 07:04:45,196 [INFO] 340b MOU Data email sent to Eric Bauch, Dan Scales
2024-01-21 07:04:45,271 [INFO] _340b MOU Data.
2024-01-28 11:22:31,932 [INFO] Vivent Health CM New Intakes.
2024-01-28 11:22:44,971 [INFO] Sending email.
2024-01-28 11:22:45,907 [INFO] Vivent Health CM New Intakes email sent to Yi Oh, Carla Washington
2024-01-28 11:22:45,963 [INFO] Vivent Health CM New Intakes.
2024-01-28 11:22:45,963 [INFO] _340b MOU Data.
2024-01-28 11:23:07,529 [INFO] Sending email.
2024-01-28 11:23:09,692 [INFO] 340b MOU Data email sent to Eric Bauch, Dan Scales
2024-01-28 11:23:09,751 [INFO] _340b MOU Data.
2024-02-04 05:47:30,656 [INFO] Vivent Health CM New Intakes.
2024-02-04 05:47:43,871 [INFO] Sending email.
2024-02-04 05:47:45,174 [INFO] Vivent Health CM New Intakes email sent to Yi Oh, Carla Washington
2024-02-04 05:47:45,247 [INFO] Vivent Health CM New Intakes.
2024-02-04 05:47:45,248 [INFO] _340b MOU Data.
2024-02-04 05:48:07,535 [INFO] Sending email.
2024-02-04 05:48:08,657 [INFO] 340b MOU Data email sent to Eric Bauch, Dan Scales
2024-02-04 05:48:08,730 [INFO] _340b MOU Data.
2024-02-11 06:22:01,407 [INFO] Vivent Health CM New Intakes.
2024-02-11 06:22:13,866 [INFO] Sending email.
2024-02-11 06:22:16,949 [INFO] Vivent Health CM New Intakes email sent to Yi Oh, Carla Washington
2024-02-11 06:22:17,000 [INFO] Vivent Health CM New Intakes.
2024-02-11 06:22:17,001 [INFO] _340b MOU Data.
2024-02-11 06:25:21,836 [INFO] Sending email.
2024-02-11 06:25:24,842 [INFO] 340b MOU Data email sent to Eric Bauch, Dan Scales
2024-02-11 06:25:24,899 [INFO] _340b MOU Data.
2024-02-18 06:04:22,746 [INFO] Vivent Health CM New Intakes.
2024-02-18 06:04:35,313 [INFO] Sending email.
2024-02-18 06:04:37,171 [INFO] Vivent Health CM New Intakes email sent to Yi Oh, Carla Washington
2024-02-18 06:04:37,212 [INFO] Vivent Health CM New Intakes.
2024-02-18 06:04:37,213 [INFO] _340b MOU Data.
2024-02-18 06:04:57,960 [INFO] Sending email.
2024-02-18 06:04:59,759 [INFO] 340b MOU Data email sent to Eric Bauch, Dan Scales
2024-02-18 06:04:59,810 [INFO] _340b MOU Data.
2024-02-25 06:43:09,743 [INFO] Vivent Health CM New Intakes.
2024-02-25 06:43:22,276 [INFO] Sending email.
2024-02-25 06:43:24,075 [INFO] Vivent Health CM New Intakes email sent to Yi Oh, Carla Washington
2024-02-25 06:43:24,175 [INFO] Vivent Health CM New Intakes.
2024-02-25 06:43:24,176 [INFO] _340b MOU Data.
2024-02-25 06:47:28,989 [INFO] Sending email.
2024-02-25 06:47:31,193 [INFO] 340b MOU Data email sent to Eric Bauch, Dan Scales
2024-02-25 06:47:31,253 [INFO] _340b MOU Data.
2024-03-03 05:51:50,476 [INFO] Vivent Health CM New Intakes.
2024-03-03 05:51:55,701 [INFO] Sending email.
2024-03-03 05:51:59,813 [INFO] Vivent Health CM New Intakes email sent to Yi Oh, Carla Washington
2024-03-03 05:51:59,866 [INFO] Vivent Health CM New Intakes.
2024-03-10 07:15:53,167 [INFO] Vivent Health CM New Intakes.
2024-03-10 07:15:55,712 [INFO] Sending email.
2024-03-10 07:15:59,227 [INFO] Vivent Health CM New Intakes email sent to Yi Oh, Carla Washington
2024-03-10 07:15:59,271 [INFO] Vivent Health CM New Intakes.
2024-03-17 06:21:44,232 [INFO] Vivent Health CM New Intakes.
2024-03-17 06:21:48,687 [INFO] Sending email.
2024-03-17 06:21:52,412 [INFO] Vivent Health CM New Intakes email sent to Yi Oh, Carla Washington
2024-03-17 06:21:52,456 [INFO] Vivent Health CM New Intakes.
2024-03-25 06:02:59,130 [INFO] Vivent Health CM New Intakes.
2024-03-25 06:03:01,657 [INFO] Sending email.
2024-03-25 06:03:04,882 [INFO] Vivent Health CM New Intakes email sent to Yi Oh, Carla Washington
2024-03-25 06:03:04,925 [INFO] Vivent Health CM New Intakes.
2024-03-31 07:05:11,326 [INFO] Vivent Health CM New Intakes.
2024-03-31 07:06:02,766 [INFO] Vivent Health CM New Intakes.
2024-03-31 07:06:05,148 [INFO] Sending email.
2024-03-31 07:06:10,664 [INFO] Vivent Health CM New Intakes email sent to Yi Oh, Carla Washington
2024-03-31 07:06:10,707 [INFO] Vivent Health CM New Intakes.
2024-04-07 06:13:26,298 [INFO] Vivent Health CM New Intakes.
2024-04-07 06:13:28,614 [INFO] Sending email.
2024-04-07 06:13:32,656 [INFO] Vivent Health CM New Intakes email sent to Yi Oh, Carla Washington
2024-04-07 06:13:32,699 [INFO] Vivent Health CM New Intakes.
2024-04-14 07:00:18,433 [INFO] Vivent Health CM New Intakes.
2024-04-14 07:00:20,751 [INFO] Sending email.
2024-04-14 07:00:22,504 [INFO] Vivent Health CM New Intakes email sent to Yi Oh, Carla Washington
2024-04-14 07:00:22,554 [INFO] Vivent Health CM New Intakes.
2024-04-21 06:10:22,484 [INFO] Vivent Health CM New Intakes.
2024-04-21 06:10:25,178 [INFO] Sending email.
2024-04-21 06:10:27,629 [INFO] Vivent Health CM New Intakes email sent to Yi Oh, Carla Washington
2024-04-21 06:10:27,673 [INFO] Vivent Health CM New Intakes.
2024-04-28 06:59:29,981 [INFO] Vivent Health CM New Intakes.
2024-04-28 06:59:32,433 [INFO] Sending email.
2024-04-28 06:59:34,831 [INFO] Vivent Health CM New Intakes email sent to Yi Oh, Carla Washington
2024-04-28 06:59:34,875 [INFO] Vivent Health CM New Intakes.
2024-05-05 12:25:57,750 [INFO] Vivent Health CM New Intakes.
2024-05-05 12:26:00,046 [INFO] Sending email.
2024-05-05 12:26:02,612 [INFO] Vivent Health CM New Intakes email sent to Yi Oh, Carla Washington
2024-05-05 12:26:02,658 [INFO] Vivent Health CM New Intakes.
2024-05-12 08:14:16,649 [INFO] Vivent Health CM New Intakes.
2024-05-12 08:14:20,248 [INFO] Sending email.
2024-05-12 08:14:22,101 [INFO] Vivent Health CM New Intakes email sent to Yi Oh, Carla Washington
2024-05-12 08:14:22,191 [INFO] Vivent Health CM New Intakes.
2024-05-19 05:44:05,245 [INFO] Vivent Health CM New Intakes.
2024-05-19 05:44:07,985 [INFO] Sending email.
2024-05-19 05:44:11,141 [INFO] Vivent Health CM New Intakes email sent to Yi Oh, Carla Washington
2024-05-19 05:44:11,187 [INFO] Vivent Health CM New Intakes.
2024-05-26 05:51:34,300 [INFO] Vivent Health CM New Intakes.
2024-05-26 05:51:36,575 [INFO] Sending email.
2024-05-26 05:51:41,305 [INFO] Vivent Health CM New Intakes email sent to Yi Oh, Carla Washington
2024-05-26 05:51:41,348 [INFO] Vivent Health CM New Intakes.
2024-06-02 06:57:29,131 [INFO] Vivent Health CM New Intakes.
2024-06-02 06:57:31,763 [INFO] Sending email.
2024-06-02 06:57:33,722 [INFO] Vivent Health CM New Intakes email sent to Yi Oh, Carla Washington
2024-06-02 06:57:33,765 [INFO] Vivent Health CM New Intakes.
2024-06-09 06:54:56,078 [INFO] Vivent Health CM New Intakes.
2024-06-09 06:54:59,465 [INFO] Sending email.
2024-06-09 06:55:02,166 [INFO] Vivent Health CM New Intakes email sent to Yi Oh, Carla Washington, Erin Petersen
2024-06-09 06:55:02,213 [INFO] Vivent Health CM New Intakes.
2024-06-16 09:31:30,544 [INFO] Vivent Health CM New Intakes.
2024-06-16 09:31:33,573 [INFO] Sending email.
2024-06-16 09:31:35,735 [INFO] Vivent Health CM New Intakes email sent to Yi Oh, Carla Washington, Erin Petersen
2024-06-16 09:31:35,782 [INFO] Vivent Health CM New Intakes.
2024-06-23 06:09:42,581 [INFO] Vivent Health CM New Intakes.
2024-06-23 06:09:45,220 [INFO] Sending email.
2024-06-23 06:09:47,129 [INFO] Vivent Health CM New Intakes email sent to Yi Oh, Carla Washington, Erin Petersen
2024-06-23 06:09:47,173 [INFO] Vivent Health CM New Intakes.
2024-06-30 04:35:37,289 [INFO] Vivent Health CM New Intakes.
2024-06-30 04:35:40,240 [INFO] Sending email.
2024-06-30 04:35:45,181 [INFO] Vivent Health CM New Intakes email sent to Yi Oh, Carla Washington, Erin Petersen
2024-06-30 04:35:45,229 [INFO] Vivent Health CM New Intakes.
2024-07-01 05:20:33,707 [INFO] Vivent Health CM New Intakes.
2024-07-01 05:20:36,616 [INFO] Sending email.
2024-07-01 05:20:42,077 [INFO] Vivent Health CM New Intakes email sent to Yi Oh, Carla Washington, Erin Petersen
2024-07-01 05:20:42,128 [INFO] Vivent Health CM New Intakes.
2024-07-07 05:25:27,275 [INFO] Vivent Health CM New Intakes.
2024-07-07 05:25:29,978 [INFO] Sending email.
2024-07-07 05:25:33,209 [INFO] Vivent Health CM New Intakes email sent to Yi Oh, Carla Washington, Erin Petersen
2024-07-07 05:25:33,261 [INFO] Vivent Health CM New Intakes.
2024-07-14 04:53:16,119 [INFO] Vivent Health CM New Intakes.
2024-07-14 04:53:18,929 [INFO] Sending email.
2024-07-14 04:53:22,024 [INFO] Vivent Health CM New Intakes email sent to Yi Oh, Carla Washington, Erin Petersen
2024-07-14 04:53:22,069 [INFO] Vivent Health CM New Intakes.
2024-07-21 05:00:44,046 [INFO] Austin Clients Without a TCT ID.
2024-07-21 05:00:47,676 [INFO] Vivent Health CM New Intakes.
2024-07-21 05:00:51,508 [INFO] Sending email.
2024-07-21 05:00:53,592 [INFO] Vivent Health CM New Intakes email sent to Yi Oh, Carla Washington, Erin Petersen
2024-07-21 05:00:53,632 [INFO] Vivent Health CM New Intakes.
2024-07-21 05:01:51,246 [INFO] Writing to Excel.
2024-07-21 05:01:51,593 [INFO] File saved in C:\Users\mscoggins\Vivent Health\Share Drives - Health\Health Informatics and Technology\Project Management\PE Routines\routine_weekly\social_services/austin_client_wo_tct_id/staging/Austin Clients Without a TCT ID.xlsx. Austin Clients Without a TCT ID.
2024-07-21 05:01:51,594 [INFO] Sending email.
2024-07-21 05:01:53,575 [INFO] Austin Clients Without a TCT ID email sent to Annette Guebara, Nicole Hamilton, Lourdes Pineda
2024-07-21 05:01:53,576 [INFO] Austin Clients Without a TCT ID.
2024-07-28 06:03:17,694 [INFO] Austin Clients Without a TCT ID.
2024-07-28 06:03:20,960 [INFO] Vivent Health CM New Intakes.
2024-07-28 06:03:23,228 [INFO] There are no data.
2024-07-28 06:03:23,229 [INFO] Vivent Health CM New Intakes.
2024-07-28 06:03:23,269 [INFO] Vivent Health CM New Intakes.
2024-07-28 06:03:49,241 [INFO] Writing to Excel.
2024-07-28 06:03:49,433 [INFO] File saved in C:\Users\mscoggins\Vivent Health\Share Drives - Health\Health Informatics and Technology\Project Management\PE Routines\routine_weekly\social_services/austin_client_wo_tct_id/staging/Austin Clients Without a TCT ID.xlsx. Austin Clients Without a TCT ID.
2024-07-28 06:03:49,434 [INFO] Sending email.
2024-07-28 06:03:51,798 [INFO] Austin Clients Without a TCT ID email sent to Annette Guebara, Nicole Hamilton, Lourdes Pineda
2024-07-28 06:03:51,799 [INFO] Austin Clients Without a TCT ID.
2024-08-04 07:53:03,406 [INFO] Austin Clients Without a TCT ID.
2024-08-04 07:53:05,392 [INFO] Vivent Health CM New Intakes.
2024-08-04 07:53:07,971 [INFO] Sending email.
2024-08-04 07:53:08,692 [INFO] Vivent Health CM New Intakes email sent to Yi Oh, Carla Washington, Erin Petersen
2024-08-04 07:53:08,732 [INFO] Vivent Health CM New Intakes.
2024-08-04 07:53:31,156 [INFO] Writing to Excel.
2024-08-04 07:53:31,322 [INFO] File saved in C:\Users\mscoggins\Vivent Health\Share Drives - Health\Health Informatics and Technology\Project Management\PE Routines\routine_weekly\social_services/austin_client_wo_tct_id/staging/Austin Clients Without a TCT ID.xlsx. Austin Clients Without a TCT ID.
2024-08-04 07:53:31,322 [INFO] Sending email.
2024-08-04 07:53:33,541 [INFO] Austin Clients Without a TCT ID email sent to Annette Guebara, Nicole Hamilton, Lourdes Pineda
2024-08-04 07:53:33,542 [INFO] Austin Clients Without a TCT ID.
2024-08-11 05:18:06,265 [INFO] Austin Clients Without a TCT ID.
2024-08-11 05:18:09,505 [INFO] Vivent Health CM New Intakes.
2024-08-11 05:18:12,043 [INFO] Sending email.
2024-08-11 05:18:13,012 [INFO] Vivent Health CM New Intakes email sent to Yi Oh, Carla Washington, Erin Petersen
2024-08-11 05:18:13,059 [INFO] Vivent Health CM New Intakes.
2024-08-11 05:18:33,414 [INFO] Writing to Excel.
2024-08-11 05:18:33,563 [INFO] File saved in C:\Users\mscoggins\Vivent Health\Share Drives - Health\Health Informatics and Technology\Project Management\PE Routines\routine_weekly\social_services/austin_client_wo_tct_id/staging/Austin Clients Without a TCT ID.xlsx. Austin Clients Without a TCT ID.
2024-08-11 05:18:33,564 [INFO] Sending email.
2024-08-11 05:18:36,726 [INFO] Austin Clients Without a TCT ID email sent to Annette Guebara, Nicole Hamilton, Lourdes Pineda
2024-08-11 05:18:36,727 [INFO] Austin Clients Without a TCT ID.
2024-08-18 18:37:11,416 [INFO] Austin Clients Without a TCT ID.
2024-08-18 18:37:14,858 [INFO] Vivent Health CM New Intakes.
2024-08-18 18:37:17,532 [INFO] Sending email.
2024-08-18 18:37:18,265 [INFO] Vivent Health CM New Intakes email sent to Yi Oh, Carla Washington, Erin Petersen
2024-08-18 18:37:18,321 [INFO] Vivent Health CM New Intakes.
2024-08-18 18:37:45,427 [INFO] Writing to Excel.
2024-08-18 18:37:45,788 [INFO] File saved in C:\Users\mscoggins\Vivent Health\Share Drives - Health\Health Informatics and Technology\Project Management\PE Routines\routine_weekly\social_services/austin_client_wo_tct_id/staging/Austin Clients Without a TCT ID.xlsx. Austin Clients Without a TCT ID.
2024-08-18 18:37:45,789 [INFO] Sending email.
2024-08-18 18:37:47,799 [INFO] Austin Clients Without a TCT ID email sent to Annette Guebara, Nicole Hamilton, Lourdes Pineda
2024-08-18 18:37:47,800 [INFO] Austin Clients Without a TCT ID.
2024-08-25 05:54:53,042 [INFO] Austin Clients Without a TCT ID.
2024-08-25 05:54:56,692 [INFO] Vivent Health CM New Intakes.
2024-08-25 05:54:59,331 [INFO] There are no data.
2024-08-25 05:54:59,332 [INFO] Vivent Health CM New Intakes.
2024-08-25 05:54:59,374 [INFO] Vivent Health CM New Intakes.
2024-08-25 05:55:26,284 [INFO] Writing to Excel.
2024-08-25 05:55:26,617 [INFO] File saved in C:\Users\mscoggins\Vivent Health\Share Drives - Health\Health Informatics and Technology\Project Management\PE Routines\routine_weekly\social_services/austin_client_wo_tct_id/staging/Austin Clients Without a TCT ID.xlsx. Austin Clients Without a TCT ID.
2024-08-25 05:55:26,618 [INFO] Sending email.
2024-08-25 05:55:30,027 [INFO] Austin Clients Without a TCT ID email sent to Annette Guebara, Nicole Hamilton, Lourdes Pineda
2024-08-25 05:55:30,028 [INFO] Austin Clients Without a TCT ID.
2024-09-01 04:31:08,744 [INFO] Austin Clients Without a TCT ID.
2024-09-01 04:31:12,248 [INFO] Vivent Health CM New Intakes.
2024-09-01 04:31:14,794 [INFO] Sending email.
2024-09-01 04:31:15,633 [INFO] Vivent Health CM New Intakes email sent to Yi Oh, Carla Washington, Erin Petersen
2024-09-01 04:31:15,687 [INFO] Vivent Health CM New Intakes.
2024-09-01 04:31:39,783 [INFO] Writing to Excel.
2024-09-01 04:31:40,088 [INFO] File saved in C:\Users\mscoggins\Vivent Health\Share Drives - Health\Health Informatics and Technology\Project Management\PE Routines\routine_weekly\social_services/austin_client_wo_tct_id/staging/Austin Clients Without a TCT ID.xlsx. Austin Clients Without a TCT ID.
2024-09-01 04:31:40,089 [INFO] Sending email.
2024-09-01 04:31:42,239 [INFO] Austin Clients Without a TCT ID email sent to Annette Guebara, Nicole Hamilton, Lourdes Pineda
2024-09-01 04:31:42,240 [INFO] Austin Clients Without a TCT ID.
2024-09-08 05:10:19,709 [INFO] Austin Clients Without a TCT ID.
2024-09-08 05:10:24,410 [INFO] Vivent Health CM New Intakes.
2024-09-08 05:10:27,149 [INFO] Sending email.
2024-09-08 05:10:30,585 [INFO] Vivent Health CM New Intakes email sent to Yi Oh, Carla Washington
2024-09-08 05:10:30,631 [INFO] Vivent Health CM New Intakes.
2024-09-08 05:10:54,932 [INFO] Writing to Excel.
2024-09-08 05:10:55,359 [INFO] File saved in C:\Users\mscoggins\Vivent Health\Share Drives - Health\Health Informatics and Technology\Project Management\PE Routines\routine_weekly\social_services/austin_client_wo_tct_id/staging/Austin Clients Without a TCT ID.xlsx. Austin Clients Without a TCT ID.
2024-09-08 05:10:55,378 [INFO] Sending email.
2024-09-08 05:10:57,348 [INFO] Austin Clients Without a TCT ID email sent to Annette Guebara, Nicole Hamilton, Lourdes Pineda
2024-09-08 05:10:57,361 [INFO] Austin Clients Without a TCT ID.
2024-09-15 04:40:13,519 [INFO] Austin Clients Without a TCT ID.
2024-09-15 04:40:16,823 [INFO] Vivent Health CM New Intakes.
2024-09-15 04:40:19,796 [INFO] Sending email.
2024-09-15 04:40:21,720 [INFO] Vivent Health CM New Intakes email sent to Yi Oh, Carla Washington
2024-09-15 04:40:21,770 [INFO] Vivent Health CM New Intakes.
2024-09-15 04:40:53,456 [INFO] Writing to Excel.
2024-09-15 04:40:53,750 [INFO] File saved in C:\Users\mscoggins\Vivent Health\Share Drives - Health\Health Informatics and Technology\Project Management\PE Routines\routine_weekly\social_services/austin_client_wo_tct_id/staging/Austin Clients Without a TCT ID.xlsx. Austin Clients Without a TCT ID.
2024-09-15 04:40:53,754 [INFO] Sending email.
2024-09-15 04:40:54,604 [INFO] Austin Clients Without a TCT ID email sent to Annette Guebara, Nicole Hamilton, Lourdes Pineda
2024-09-15 04:40:54,605 [INFO] Austin Clients Without a TCT ID.
2024-09-22 08:15:10,425 [INFO] Austin Clients Without a TCT ID.
2024-09-22 08:15:13,098 [INFO] Vivent Health CM New Intakes.
2024-09-22 08:15:16,060 [INFO] Sending email.
2024-09-22 08:15:16,708 [INFO] Vivent Health CM New Intakes email sent to Yi Oh, Carla Washington
2024-09-22 08:15:16,749 [INFO] Vivent Health CM New Intakes.
2024-09-22 08:15:43,999 [INFO] Writing to Excel.
2024-09-22 08:15:44,182 [INFO] File saved in C:\Users\mscoggins\Vivent Health\Share Drives - Health\Health Informatics and Technology\Project Management\PE Routines\routine_weekly\social_services/austin_client_wo_tct_id/staging/Austin Clients Without a TCT ID.xlsx. Austin Clients Without a TCT ID.
2024-09-22 08:15:44,182 [INFO] Sending email.
2024-09-22 08:15:44,833 [INFO] Austin Clients Without a TCT ID email sent to Annette Guebara, Nicole Hamilton, Lourdes Pineda
2024-09-22 08:15:44,833 [INFO] Austin Clients Without a TCT ID.
2024-09-29 04:15:33,939 [INFO] Austin Clients Without a TCT ID.
2024-09-29 04:15:38,425 [INFO] Vivent Health CM New Intakes.
2024-09-29 04:15:41,300 [INFO] Sending email.
2024-09-29 04:15:44,198 [INFO] Vivent Health CM New Intakes email sent to Yi Oh, Carla Washington
2024-09-29 04:15:44,253 [INFO] Vivent Health CM New Intakes.
2024-09-29 04:16:07,394 [INFO] Writing to Excel.
2024-09-29 04:16:07,782 [INFO] File saved in C:\Users\mscoggins\Vivent Health\Share Drives - Health\Health Informatics and Technology\Project Management\PE Routines\routine_weekly\social_services/austin_client_wo_tct_id/staging/Austin Clients Without a TCT ID.xlsx. Austin Clients Without a TCT ID.
2024-09-29 04:16:07,785 [INFO] Sending email.
2024-09-29 04:16:10,401 [INFO] Austin Clients Without a TCT ID email sent to Annette Guebara, Nicole Hamilton, Lourdes Pineda
2024-09-29 04:16:10,402 [INFO] Austin Clients Without a TCT ID.
2024-10-06 05:02:06,256 [INFO] Austin Clients Without a TCT ID.
2024-10-06 05:02:09,459 [INFO] Vivent Health CM New Intakes.
2024-10-06 05:02:12,352 [INFO] Sending email.
2024-10-06 05:02:13,026 [INFO] Vivent Health CM New Intakes email sent to Yi Oh, Carla Washington
2024-10-06 05:02:13,073 [INFO] Vivent Health CM New Intakes.
2024-10-06 05:02:41,868 [INFO] Writing to Excel.
2024-10-06 05:02:42,218 [INFO] File saved in C:\Users\mscoggins\Vivent Health\Share Drives - Health\Health Informatics and Technology\Project Management\PE Routines\routine_weekly\social_services/austin_client_wo_tct_id/staging/Austin Clients Without a TCT ID.xlsx. Austin Clients Without a TCT ID.
2024-10-06 05:02:42,219 [INFO] Sending email.
2024-10-06 05:02:44,198 [INFO] Austin Clients Without a TCT ID email sent to Annette Guebara, Nicole Hamilton, Lourdes Pineda
2024-10-06 05:02:44,199 [INFO] Austin Clients Without a TCT ID.
2024-10-13 04:49:46,661 [INFO] Austin Clients Without a TCT ID.
2024-10-13 04:49:52,571 [INFO] Vivent Health CM New Intakes.
2024-10-13 04:49:55,843 [INFO] Sending email.
2024-10-13 04:49:58,386 [INFO] Vivent Health CM New Intakes email sent to Yi Oh, Carla Washington
2024-10-13 04:49:58,465 [INFO] Vivent Health CM New Intakes.
2024-10-13 04:51:18,264 [INFO] Writing to Excel.
2024-10-13 04:51:18,688 [INFO] File saved in C:\Users\mscoggins\Vivent Health\Share Drives - Health\Health Informatics and Technology\Project Management\PE Routines\routine_weekly\social_services/austin_client_wo_tct_id/staging/Austin Clients Without a TCT ID.xlsx. Austin Clients Without a TCT ID.
2024-10-13 04:51:18,693 [INFO] Sending email.
2024-10-13 04:51:20,687 [INFO] Austin Clients Without a TCT ID email sent to Annette Guebara, Nicole Hamilton, Lourdes Pineda
2024-10-13 04:51:20,688 [INFO] Austin Clients Without a TCT ID.
2024-10-20 04:58:55,408 [INFO] Austin Clients Without a TCT ID.
2024-10-20 04:59:02,017 [INFO] Vivent Health CM New Intakes.
2024-10-20 04:59:05,399 [INFO] Sending email.
2024-10-20 04:59:10,137 [INFO] Vivent Health CM New Intakes email sent to Yi Oh, Carla Washington
2024-10-20 04:59:10,181 [INFO] Vivent Health CM New Intakes.
2024-10-20 04:59:48,383 [INFO] Writing to Excel.
2024-10-20 04:59:48,705 [INFO] File saved in C:\Users\mscoggins\Vivent Health\Share Drives - Health\Health Informatics and Technology\Project Management\PE Routines\routine_weekly\social_services/austin_client_wo_tct_id/staging/Austin Clients Without a TCT ID.xlsx. Austin Clients Without a TCT ID.
2024-10-20 04:59:48,706 [INFO] Sending email.
2024-10-20 04:59:53,168 [INFO] Austin Clients Without a TCT ID email sent to Annette Guebara, Nicole Hamilton, Lourdes Pineda
2024-10-20 04:59:53,169 [INFO] Austin Clients Without a TCT ID.
2024-10-27 03:52:34,569 [INFO] Austin Clients Without a TCT ID.
2024-10-27 03:52:40,727 [INFO] Vivent Health CM New Intakes.
2024-10-27 03:52:43,610 [INFO] There are no data.
2024-10-27 03:52:43,610 [INFO] Vivent Health CM New Intakes.
2024-10-27 03:52:43,655 [INFO] Vivent Health CM New Intakes.
2024-10-27 03:53:07,827 [INFO] Writing to Excel.
2024-10-27 03:53:08,219 [INFO] File saved in C:\Users\mscoggins\Vivent Health\Share Drives - Health\Health Informatics and Technology\Project Management\PE Routines\routine_weekly\social_services/austin_client_wo_tct_id/staging/Austin Clients Without a TCT ID.xlsx. Austin Clients Without a TCT ID.
2024-10-27 03:53:08,221 [INFO] Sending email.
2024-10-27 03:53:13,806 [INFO] Austin Clients Without a TCT ID email sent to Annette Guebara, Nicole Hamilton, Lourdes Pineda
2024-10-27 03:53:13,808 [INFO] Austin Clients Without a TCT ID.
2024-11-03 04:05:47,311 [INFO] Austin Clients Without a TCT ID.
2024-11-03 04:05:53,407 [INFO] Vivent Health CM New Intakes.
2024-11-03 04:05:56,641 [INFO] Sending email.
2024-11-03 04:06:01,713 [INFO] Vivent Health CM New Intakes email sent to Yi Oh, Carla Washington
2024-11-03 04:06:01,756 [INFO] Vivent Health CM New Intakes.
2024-11-03 04:07:00,849 [INFO] Writing to Excel.
2024-11-03 04:07:01,367 [INFO] File saved in C:\Users\mscoggins\Vivent Health\Share Drives - Health\Health Informatics and Technology\Project Management\PE Routines\routine_weekly\social_services/austin_client_wo_tct_id/staging/Austin Clients Without a TCT ID.xlsx. Austin Clients Without a TCT ID.
2024-11-03 04:07:01,380 [INFO] Sending email.
2024-11-03 04:07:04,229 [INFO] Austin Clients Without a TCT ID email sent to Annette Guebara, Nicole Hamilton, Lourdes Pineda
2024-11-03 04:07:04,230 [INFO] Austin Clients Without a TCT ID.
2024-11-10 05:27:39,054 [INFO] Austin Clients Without a TCT ID.
2024-11-10 05:27:41,778 [INFO] Vivent Health CM New Intakes.
2024-11-10 05:27:44,507 [INFO] Sending email.
2024-11-10 05:27:47,089 [INFO] Vivent Health CM New Intakes email sent to Yi Oh, Carla Washington
2024-11-10 05:27:47,147 [INFO] Vivent Health CM New Intakes.
2024-11-10 05:28:09,670 [INFO] Writing to Excel.
2024-11-10 05:28:10,006 [INFO] File saved in C:\Users\mscoggins\Vivent Health\Share Drives - Health\Health Informatics and Technology\Project Management\PE Routines\routine_weekly\social_services/austin_client_wo_tct_id/staging/Austin Clients Without a TCT ID.xlsx. Austin Clients Without a TCT ID.
2024-11-10 05:28:10,008 [INFO] Sending email.
2024-11-10 05:28:13,127 [INFO] Austin Clients Without a TCT ID email sent to Annette Guebara, Nicole Hamilton, Lourdes Pineda
2024-11-10 05:28:13,128 [INFO] Austin Clients Without a TCT ID.
2024-11-17 05:15:16,737 [INFO] Austin Clients Without a TCT ID.
2024-11-17 05:15:19,358 [INFO] Vivent Health CM New Intakes.
2024-11-17 05:15:22,344 [INFO] Sending email.
2024-11-17 05:15:23,217 [INFO] Vivent Health CM New Intakes email sent to Yi Oh, Carla Washington
2024-11-17 05:15:23,257 [INFO] Vivent Health CM New Intakes.
2024-11-17 05:16:15,990 [INFO] Writing to Excel.
2024-11-17 05:16:16,145 [INFO] File saved in C:\Users\mscoggins\Vivent Health\Share Drives - Health\Health Informatics and Technology\Project Management\PE Routines\routine_weekly\social_services/austin_client_wo_tct_id/staging/Austin Clients Without a TCT ID.xlsx. Austin Clients Without a TCT ID.
2024-11-17 05:16:16,146 [INFO] Sending email.
2024-11-17 05:16:16,817 [INFO] Austin Clients Without a TCT ID email sent to Annette Guebara, Nicole Hamilton, Lourdes Pineda
2024-11-17 05:16:16,818 [INFO] Austin Clients Without a TCT ID.
2025-04-07 08:23:12,544 [INFO] Austin Clients Without a TCT ID.
2025-04-07 08:26:06,935 [INFO] Austin Clients Without a TCT ID.
2025-04-07 08:30:25,018 [INFO] Vivent Health CM New Intakes.
2025-04-07 08:30:27,862 [INFO] Sending email.
2025-04-07 08:30:29,489 [INFO] Vivent Health CM New Intakes email sent to Yi Oh, Katie Andaloro, Carla Washington
2025-04-07 08:30:29,505 [INFO] Vivent Health CM New Intakes.
2025-04-07 08:31:14,920 [INFO] Writing to Excel.
2025-04-07 08:31:15,035 [INFO] File saved in C:\routine_weekly\social_services/austin_client_wo_tct_id/staging/Austin Clients Without a TCT ID.xlsx. Austin Clients Without a TCT ID.
2025-04-07 08:31:15,036 [INFO] Sending email.
2025-04-07 08:31:16,758 [INFO] Austin Clients Without a TCT ID email sent to Annette Guebara, Nicole Hamilton, Lourdes Pineda
2025-04-07 08:31:16,758 [INFO] Austin Clients Without a TCT ID.
2025-04-07 08:34:47,568 [INFO] Austin Clients Without a TCT ID.
2025-04-07 08:39:24,848 [INFO] Vivent Health CM New Intakes.
2025-04-07 08:39:26,852 [INFO] Sending email.
2025-04-07 08:39:28,287 [INFO] Vivent Health CM New Intakes email sent to Yi Oh, Katie Andaloro, Carla Washington
2025-04-07 08:39:28,311 [INFO] Vivent Health CM New Intakes.
2025-04-07 08:39:36,640 [INFO] Writing to Excel.
2025-04-07 08:39:36,734 [INFO] File saved in C:\routine_weekly\social_services/austin_client_wo_tct_id/staging/Austin Clients Without a TCT ID.xlsx. Austin Clients Without a TCT ID.
2025-04-07 08:39:36,734 [INFO] Sending email.
2025-04-07 08:39:39,689 [INFO] Austin Clients Without a TCT ID email sent to Annette Guebara, Nicole Hamilton, Lourdes Pineda
2025-04-07 08:39:39,689 [INFO] Austin Clients Without a TCT ID.
2025-04-07 09:09:06,475 [INFO] Austin Clients Without a TCT ID.
2025-04-07 09:09:07,008 [INFO] Vivent Health CM New Intakes.
2025-04-07 09:09:09,508 [INFO] Sending email.
2025-04-07 09:11:27,808 [INFO] Austin Clients Without a TCT ID.
2025-04-07 09:14:06,599 [INFO] Austin Clients Without a TCT ID.
2025-04-07 09:14:06,599 [INFO] Vivent Health CM New Intakes.
2025-04-07 09:14:08,648 [INFO] Sending email.
2025-04-07 09:15:03,855 [INFO] Austin Clients Without a TCT ID.
2025-04-07 09:15:03,870 [INFO] Vivent Health CM New Intakes.
2025-04-07 09:15:08,249 [INFO] Sending email.
2025-04-07 09:21:54,175 [INFO] Austin Clients Without a TCT ID.
2025-04-07 09:21:54,191 [INFO] Vivent Health CM New Intakes.
2025-04-07 09:21:56,240 [INFO] Sending email.
2025-04-07 09:21:58,430 [INFO] Vivent Health CM New Intakes email sent to Tanner Strom
2025-04-07 09:21:58,446 [INFO] Vivent Health CM New Intakes.
2025-04-15 11:22:05,788 [INFO] Austin Clients Without a TCT ID.
2025-04-15 12:01:42,779 [INFO] Vivent Health CM New Intakes.
2025-04-15 12:01:45,565 [INFO] Sending email.
2025-04-15 12:01:47,456 [INFO] Vivent Health CM New Intakes email sent to Yi Oh, Katie Andaloro, Carla Washington
2025-04-15 12:01:47,518 [INFO] Vivent Health CM New Intakes.
2025-04-15 12:02:00,949 [INFO] Writing to Excel.
2025-04-15 12:02:01,012 [INFO] File saved in C:\routine_weekly\social_services/austin_client_wo_tct_id/staging/Austin Clients Without a TCT ID.xlsx. Austin Clients Without a TCT ID.
2025-04-15 12:02:01,013 [INFO] Sending email.
2025-04-15 12:02:03,052 [INFO] Austin Clients Without a TCT ID email sent to Annette Guebara, Nicole Hamilton, Lourdes Pineda
2025-04-15 12:02:03,053 [INFO] Austin Clients Without a TCT ID.
2025-04-16 16:12:10,268 [INFO] Austin Clients Without a TCT ID.
2025-04-16 16:12:51,437 [INFO] Austin Clients Without a TCT ID.
2025-04-16 16:22:43,265 [INFO] Austin Clients Without a TCT ID.
2025-04-16 16:55:14,138 [INFO] Austin Clients Without a TCT ID.
2025-04-21 08:48:54,641 [INFO] Austin Clients Without a TCT ID.
2025-04-21 08:53:55,979 [INFO] Vivent Health CM New Intakes.
2025-04-21 08:53:58,591 [INFO] Sending email.
2025-04-21 08:54:00,091 [INFO] Vivent Health CM New Intakes email sent to Yi Oh, Katie Andaloro, Carla Washington
2025-04-21 08:54:00,122 [INFO] Vivent Health CM New Intakes.
2025-04-21 08:54:10,538 [INFO] Writing to Excel.
2025-04-21 08:54:10,585 [INFO] File saved in C:\routine_weekly\social_services/austin_client_wo_tct_id/staging/Austin Clients Without a TCT ID.xlsx. Austin Clients Without a TCT ID.
2025-04-21 08:54:10,585 [INFO] Sending email.
2025-04-21 08:54:12,148 [INFO] Austin Clients Without a TCT ID email sent to Annette Guebara, Nicole Hamilton, Lourdes Pineda
2025-04-21 08:54:12,148 [INFO] Austin Clients Without a TCT ID.
2025-04-28 09:47:00,462 [INFO] Austin Clients Without a TCT ID.
2025-04-28 09:51:04,291 [INFO] Vivent Health CM New Intakes.
2025-04-28 09:51:07,853 [INFO] Sending email.
2025-04-28 09:51:11,791 [INFO] Vivent Health CM New Intakes email sent to Yi Oh, Katie Andaloro, Carla Washington
2025-04-28 09:51:11,822 [INFO] Vivent Health CM New Intakes.
2025-04-28 09:51:30,307 [INFO] Writing to Excel.
2025-04-28 09:51:30,338 [INFO] File saved in C:\routine_weekly\social_services/austin_client_wo_tct_id/staging/Austin Clients Without a TCT ID.xlsx. Austin Clients Without a TCT ID.
2025-04-28 09:51:30,338 [INFO] Sending email.
2025-04-28 09:51:32,307 [INFO] Austin Clients Without a TCT ID email sent to Annette Guebara, Nicole Hamilton, Lourdes Pineda
2025-04-28 09:51:32,307 [INFO] Austin Clients Without a TCT ID.
2025-04-28 10:52:03,370 [INFO] Austin Clients Without a TCT ID.
2025-05-06 08:38:54,807 [INFO] Austin Clients Without a TCT ID.
2025-05-06 08:48:34,270 [INFO] Vivent Health CM New Intakes.
2025-05-06 08:48:38,973 [INFO] Sending email.
2025-05-06 08:48:40,645 [INFO] Vivent Health CM New Intakes email sent to Yi Oh, Katie Andaloro, Carla Washington
2025-05-06 08:48:40,692 [INFO] Vivent Health CM New Intakes.
2025-05-06 08:49:12,128 [INFO] Writing to Excel.
2025-05-06 08:49:12,207 [INFO] File saved in C:\routine_weekly\social_services/austin_client_wo_tct_id/staging/Austin Clients Without a TCT ID.xlsx. Austin Clients Without a TCT ID.
2025-05-06 08:49:12,207 [INFO] Sending email.
2025-05-06 08:49:14,144 [INFO] Austin Clients Without a TCT ID email sent to Annette Guebara, Nicole Hamilton, Lourdes Pineda
2025-05-06 08:49:14,144 [INFO] Austin Clients Without a TCT ID.
2025-05-07 10:32:56,920 [INFO] Austin Clients Without a TCT ID.
2025-05-07 11:17:10,324 [INFO] Austin Clients Without a TCT ID.
2025-05-07 11:20:23,307 [INFO] Austin Clients Without a TCT ID.
2025-05-07 11:20:56,282 [INFO] Austin Clients Without a TCT ID.
2025-05-07 11:22:56,546 [INFO] Austin Clients Without a TCT ID.
2025-05-07 11:25:57,858 [INFO] Austin Clients Without a TCT ID.
2025-05-07 11:31:12,260 [INFO] Austin Clients Without a TCT ID.
2025-05-07 11:32:14,493 [INFO] Austin Clients Without a TCT ID.
2025-05-07 11:40:50,409 [INFO] Austin Clients Without a TCT ID.
2025-05-07 11:44:12,970 [INFO] Austin Clients Without a TCT ID.
2025-05-07 11:47:10,517 [INFO] Austin Clients Without a TCT ID.
2025-05-12 09:13:57,740 [INFO] Austin Clients Without a TCT ID.
2025-05-20 10:17:06,248 [INFO] Austin Clients Without a TCT ID.
2025-05-20 10:22:29,895 [INFO] Vivent Health CM New Intakes.
2025-05-20 10:22:34,426 [INFO] Sending email.
2025-05-20 10:22:35,442 [INFO] Vivent Health CM New Intakes email sent to Yi Oh, Katie Andaloro, Carla Washington
2025-05-20 10:22:35,473 [INFO] Vivent Health CM New Intakes.
2025-05-20 10:23:33,614 [INFO] Writing to Excel.
2025-05-20 10:23:33,630 [INFO] File saved in C:\routine_weekly\social_services/austin_client_wo_tct_id/staging/Austin Clients Without a TCT ID.xlsx. Austin Clients Without a TCT ID.
2025-05-20 10:23:33,645 [INFO] Sending email.
2025-05-20 10:23:34,786 [INFO] Austin Clients Without a TCT ID email sent to Annette Guebara, Nicole Hamilton, Lourdes Pineda
2025-05-20 10:23:34,786 [INFO] Austin Clients Without a TCT ID.
2025-05-21 11:27:16,062 [INFO] Austin Clients Without a TCT ID.
2025-05-27 10:01:36,470 [INFO] Austin Clients Without a TCT ID.
2025-05-27 10:07:34,662 [INFO] Vivent Health CM New Intakes.
2025-05-27 10:07:37,287 [INFO] Sending email.
2025-05-27 10:07:38,412 [INFO] Vivent Health CM New Intakes email sent to Yi Oh, Katie Andaloro, Carla Washington
2025-05-27 10:07:38,443 [INFO] Vivent Health CM New Intakes.
2025-05-27 10:08:10,677 [INFO] Writing to Excel.
2025-05-27 10:08:10,708 [INFO] File saved in C:\routine_weekly\social_services/austin_client_wo_tct_id/staging/Austin Clients Without a TCT ID.xlsx. Austin Clients Without a TCT ID.
2025-05-27 10:08:10,708 [INFO] Sending email.
2025-05-27 10:08:12,990 [INFO] Austin Clients Without a TCT ID email sent to Annette Guebara, Nicole Hamilton, Lourdes Pineda
2025-05-27 10:08:12,990 [INFO] Austin Clients Without a TCT ID.
2025-06-02 14:28:10,923 [INFO] Austin Clients Without a TCT ID.
2025-06-03 12:11:05,027 [INFO] Austin Clients Without a TCT ID.
2025-06-03 12:13:29,951 [INFO] Vivent Health CM New Intakes.
2025-06-03 12:13:34,435 [INFO] Sending email.
2025-06-03 12:13:36,888 [INFO] Vivent Health CM New Intakes email sent to Yi Oh, Katie Andaloro, Carla Washington
2025-06-03 12:13:36,935 [INFO] Vivent Health CM New Intakes.
2025-06-03 12:13:51,451 [INFO] Writing to Excel.
2025-06-03 12:13:51,482 [INFO] File saved in C:\routine_weekly\social_services/austin_client_wo_tct_id/staging/Austin Clients Without a TCT ID.xlsx. Austin Clients Without a TCT ID.
2025-06-03 12:13:51,482 [INFO] Sending email.
2025-06-03 12:13:53,170 [INFO] Austin Clients Without a TCT ID email sent to Annette Guebara, Nicole Hamilton, Lourdes Pineda
2025-06-03 12:13:53,170 [INFO] Austin Clients Without a TCT ID.
2025-06-09 11:04:53,058 [INFO] Austin Clients Without a TCT ID.
2025-06-09 11:09:19,507 [INFO] Vivent Health CM New Intakes.
2025-06-09 11:09:24,983 [INFO] Sending email.
2025-06-09 11:09:26,139 [INFO] Vivent Health CM New Intakes email sent to Yi Oh, Katie Andaloro, Carla Washington
2025-06-09 11:09:26,170 [INFO] Vivent Health CM New Intakes.
2025-06-09 11:09:42,160 [INFO] Writing to Excel.
2025-06-09 11:09:42,176 [INFO] File saved in C:\routine_weekly\social_services/austin_client_wo_tct_id/staging/Austin Clients Without a TCT ID.xlsx. Austin Clients Without a TCT ID.
2025-06-09 11:09:42,176 [INFO] Sending email.
2025-06-09 11:09:44,459 [INFO] Austin Clients Without a TCT ID email sent to Annette Guebara, Nicole Hamilton, Lourdes Pineda
2025-06-09 11:09:44,459 [INFO] Austin Clients Without a TCT ID.
2025-06-17 11:08:00,881 [INFO] Austin Clients Without a TCT ID.
2025-06-17 11:10:10,977 [INFO] Vivent Health CM New Intakes.
2025-06-17 11:10:14,945 [INFO] Sending email.
2025-06-17 11:10:16,383 [INFO] Vivent Health CM New Intakes email sent to Yi Oh, Katie Andaloro, Carla Washington
2025-06-17 11:10:16,414 [INFO] Vivent Health CM New Intakes.
2025-06-17 11:10:55,633 [INFO] Writing to Excel.
2025-06-17 11:10:55,664 [INFO] File saved in C:\routine_weekly\social_services/austin_client_wo_tct_id/staging/Austin Clients Without a TCT ID.xlsx. Austin Clients Without a TCT ID.
2025-06-17 11:10:55,664 [INFO] Sending email.
2025-06-17 11:10:57,820 [INFO] Austin Clients Without a TCT ID email sent to Annette Guebara, Nicole Hamilton, Lourdes Pineda
2025-06-17 11:10:57,820 [INFO] Austin Clients Without a TCT ID.
2025-06-24 09:05:47,158 [INFO] Austin Clients Without a TCT ID.
2025-06-24 09:10:11,617 [INFO] Vivent Health CM New Intakes.
2025-06-24 09:10:14,664 [INFO] Sending email.
2025-06-24 09:10:16,367 [INFO] Vivent Health CM New Intakes email sent to Yi Oh, Katie Andaloro, Carla Washington
2025-06-24 09:10:16,398 [INFO] Vivent Health CM New Intakes.
2025-06-24 09:10:29,586 [INFO] Writing to Excel.
2025-06-24 09:10:29,601 [INFO] File saved in C:\routine_weekly\social_services/austin_client_wo_tct_id/staging/Austin Clients Without a TCT ID.xlsx. Austin Clients Without a TCT ID.
2025-06-24 09:10:29,601 [INFO] Sending email.
2025-06-24 09:10:31,132 [INFO] Austin Clients Without a TCT ID email sent to Annette Guebara, Nicole Hamilton, Lourdes Pineda
2025-06-24 09:10:31,132 [INFO] Austin Clients Without a TCT ID.
2025-07-01 14:58:58,181 [INFO] Austin Clients Without a TCT ID.
2025-07-01 15:14:54,868 [INFO] Vivent Health CM New Intakes.
2025-07-01 15:15:13,457 [INFO] Sending email.
2025-07-01 15:15:17,693 [INFO] Vivent Health CM New Intakes email sent to Yi Oh, Katie Andaloro, Carla Washington
2025-07-01 15:15:17,725 [INFO] Vivent Health CM New Intakes.
2025-07-01 15:26:46,199 [INFO] Writing to Excel.
2025-07-01 15:26:46,224 [INFO] File saved in C:\routine_weekly\social_services/austin_client_wo_tct_id/staging/Austin Clients Without a TCT ID.xlsx. Austin Clients Without a TCT ID.
2025-07-01 15:26:46,225 [INFO] Sending email.
2025-07-01 15:26:47,303 [INFO] Austin Clients Without a TCT ID email sent to Annette Guebara, Nicole Hamilton, Lourdes Pineda
2025-07-01 15:26:47,303 [INFO] Austin Clients Without a TCT ID.
2025-07-07 08:00:08,096 [INFO] Austin Clients Without a TCT ID.
2025-07-07 08:05:19,575 [INFO] Vivent Health CM New Intakes.
2025-07-07 08:05:22,781 [INFO] Sending email.
2025-07-07 08:05:24,159 [INFO] Vivent Health CM New Intakes email sent to Yi Oh, Katie Andaloro, Carla Washington
2025-07-07 08:05:24,191 [INFO] Vivent Health CM New Intakes.
2025-07-07 08:05:42,570 [INFO] Writing to Excel.
2025-07-07 08:05:42,594 [INFO] File saved in C:\routine_weekly\social_services/austin_client_wo_tct_id/staging/Austin Clients Without a TCT ID.xlsx. Austin Clients Without a TCT ID.
2025-07-07 08:05:42,595 [INFO] Sending email.
2025-07-07 08:05:43,812 [INFO] Austin Clients Without a TCT ID email sent to Annette Guebara, Nicole Hamilton, Lourdes Pineda
2025-07-07 08:05:43,813 [INFO] Austin Clients Without a TCT ID.
2025-07-14 08:00:05,657 [INFO] Austin Clients Without a TCT ID.
2025-07-14 08:07:44,304 [INFO] Vivent Health CM New Intakes.
2025-07-14 08:07:47,116 [INFO] There are no data.
2025-07-14 08:07:47,116 [INFO] Vivent Health CM New Intakes.
2025-07-14 08:07:47,148 [INFO] Vivent Health CM New Intakes.
2025-07-14 08:08:31,804 [INFO] Writing to Excel.
2025-07-14 08:08:31,835 [INFO] File saved in C:\routine_weekly\social_services/austin_client_wo_tct_id/staging/Austin Clients Without a TCT ID.xlsx. Austin Clients Without a TCT ID.
2025-07-14 08:08:31,835 [INFO] Sending email.
2025-07-14 08:08:33,522 [INFO] Austin Clients Without a TCT ID email sent to Annette Guebara, Nicole Hamilton, Lourdes Pineda
2025-07-14 08:08:33,522 [INFO] Austin Clients Without a TCT ID.
2025-07-21 08:00:05,453 [INFO] Austin Clients Without a TCT ID.
2025-07-21 08:06:25,022 [INFO] Vivent Health CM New Intakes.
2025-07-21 08:06:28,240 [INFO] Sending email.
2025-07-21 08:06:29,537 [INFO] Vivent Health CM New Intakes email sent to Yi Oh, Katie Andaloro, Carla Washington
2025-07-21 08:06:29,569 [INFO] Vivent Health CM New Intakes.
2025-07-21 08:06:49,256 [INFO] Writing to Excel.
2025-07-21 08:06:49,287 [INFO] File saved in C:\routine_weekly\social_services/austin_client_wo_tct_id/staging/Austin Clients Without a TCT ID.xlsx. Austin Clients Without a TCT ID.
2025-07-21 08:06:49,287 [INFO] Sending email.
2025-07-21 08:06:50,756 [INFO] Austin Clients Without a TCT ID email sent to Annette Guebara, Nicole Hamilton, Lourdes Pineda
2025-07-21 08:06:50,756 [INFO] Austin Clients Without a TCT ID.
2025-07-28 08:00:07,622 [INFO] Austin Clients Without a TCT ID.
2025-07-28 08:07:43,089 [INFO] Vivent Health CM New Intakes.
2025-07-28 08:07:46,074 [INFO] Sending email.
2025-07-28 08:07:48,808 [INFO] Vivent Health CM New Intakes email sent to Yi Oh, Katie Andaloro, Carla Washington
2025-07-28 08:07:48,839 [INFO] Vivent Health CM New Intakes.
2025-07-28 08:08:14,011 [INFO] Writing to Excel.
2025-07-28 08:08:14,027 [INFO] File saved in C:\routine_weekly\social_services/austin_client_wo_tct_id/staging/Austin Clients Without a TCT ID.xlsx. Austin Clients Without a TCT ID.
2025-07-28 08:08:14,027 [INFO] Sending email.
2025-07-28 08:08:16,089 [INFO] Austin Clients Without a TCT ID email sent to Annette Guebara, Nicole Hamilton, Lourdes Pineda
2025-07-28 08:08:16,089 [INFO] Austin Clients Without a TCT ID.
2025-08-04 08:00:09,901 [INFO] Austin Clients Without a TCT ID.
2025-08-04 08:07:46,458 [INFO] Vivent Health CM New Intakes.
2025-08-04 08:07:49,271 [INFO] There are no data.
2025-08-04 08:07:49,271 [INFO] Vivent Health CM New Intakes.
2025-08-04 08:07:49,302 [INFO] Vivent Health CM New Intakes.
2025-08-04 08:08:13,990 [INFO] Writing to Excel.
2025-08-04 08:08:14,021 [INFO] File saved in C:\routine_weekly\social_services/austin_client_wo_tct_id/staging/Austin Clients Without a TCT ID.xlsx. Austin Clients Without a TCT ID.
2025-08-04 08:08:14,021 [INFO] Sending email.
2025-08-04 08:08:16,599 [INFO] Austin Clients Without a TCT ID email sent to Annette Guebara, Nicole Hamilton, Lourdes Pineda
2025-08-04 08:08:16,599 [INFO] Austin Clients Without a TCT ID.
2025-08-11 08:00:05,700 [INFO] Austin Clients Without a TCT ID.
2025-08-11 08:12:18,617 [INFO] Vivent Health CM New Intakes.
2025-08-11 08:12:21,523 [INFO] There are no data.
2025-08-11 08:12:21,523 [INFO] Vivent Health CM New Intakes.
2025-08-11 08:12:21,555 [INFO] Vivent Health CM New Intakes.
2025-08-11 08:12:59,648 [INFO] Writing to Excel.
2025-08-11 08:12:59,664 [INFO] File saved in C:\routine_weekly\social_services/austin_client_wo_tct_id/staging/Austin Clients Without a TCT ID.xlsx. Austin Clients Without a TCT ID.
2025-08-11 08:12:59,664 [INFO] Sending email.
2025-08-11 08:13:01,602 [INFO] Austin Clients Without a TCT ID email sent to Annette Guebara, Nicole Hamilton, Lourdes Pineda
2025-08-11 08:13:01,602 [INFO] Austin Clients Without a TCT ID.
2025-08-18 08:00:06,232 [INFO] Austin Clients Without a TCT ID.
2025-08-18 08:05:18,193 [INFO] Vivent Health CM New Intakes.
2025-08-18 08:05:22,037 [INFO] There are no data.
2025-08-18 08:05:22,037 [INFO] Vivent Health CM New Intakes.
2025-08-18 08:05:22,068 [INFO] Vivent Health CM New Intakes.
2025-08-18 08:06:51,412 [INFO] Writing to Excel.
2025-08-18 08:06:51,459 [INFO] File saved in C:\routine_weekly\social_services/austin_client_wo_tct_id/staging/Austin Clients Without a TCT ID.xlsx. Austin Clients Without a TCT ID.
2025-08-18 08:06:51,474 [INFO] Sending email.
2025-08-18 08:06:53,193 [INFO] Austin Clients Without a TCT ID email sent to Annette Guebara, Nicole Hamilton, Lourdes Pineda
2025-08-18 08:06:53,193 [INFO] Austin Clients Without a TCT ID.
2025-08-25 08:00:12,497 [INFO] Austin Clients Without a TCT ID.
2025-08-25 08:13:17,025 [INFO] Vivent Health CM New Intakes.
2025-08-25 08:13:20,481 [INFO] Sending email.
2025-08-25 08:13:22,497 [INFO] Vivent Health CM New Intakes email sent to Yi Oh, Katie Andaloro, Carla Washington, Tanner Strom
2025-08-25 08:13:22,568 [INFO] Vivent Health CM New Intakes.
2025-08-25 08:13:59,568 [INFO] Writing to Excel.
2025-08-25 08:13:59,593 [INFO] File saved in C:\routine_weekly\social_services/austin_client_wo_tct_id/staging/Austin Clients Without a TCT ID.xlsx. Austin Clients Without a TCT ID.
2025-08-25 08:13:59,594 [INFO] Sending email.
2025-08-25 08:14:01,513 [INFO] Austin Clients Without a TCT ID email sent to Annette Guebara, Nicole Hamilton, Lourdes Pineda
2025-08-25 08:14:01,514 [INFO] Austin Clients Without a TCT ID.
2025-09-01 08:00:10,631 [INFO] Austin Clients Without a TCT ID.
2025-09-08 08:00:12,034 [INFO] Austin Clients Without a TCT ID.
2025-09-08 08:07:12,493 [INFO] Vivent Health CM New Intakes.
2025-09-08 08:07:15,874 [INFO] Sending email.
2025-09-08 08:07:19,532 [INFO] Vivent Health CM New Intakes email sent to Yi Oh, Katie Andaloro, Carla Washington, Tanner Strom
2025-09-08 08:07:19,564 [INFO] Vivent Health CM New Intakes.
2025-09-08 08:07:48,044 [INFO] Writing to Excel.
2025-09-08 08:07:48,067 [INFO] File saved in C:\routine_weekly\social_services/austin_client_wo_tct_id/staging/Austin Clients Without a TCT ID.xlsx. Austin Clients Without a TCT ID.
2025-09-08 08:07:48,067 [INFO] Sending email.
2025-09-08 08:07:50,196 [INFO] Austin Clients Without a TCT ID email sent to Annette Guebara, Nicole Hamilton, Lourdes Pineda
2025-09-08 08:07:50,197 [INFO] Austin Clients Without a TCT ID.
2025-09-15 08:00:06,481 [INFO] Austin Clients Without a TCT ID.
2025-09-15 08:04:39,438 [INFO] Vivent Health CM New Intakes.
2025-09-15 08:04:43,063 [INFO] Sending email.
2025-09-15 08:04:44,407 [INFO] Vivent Health CM New Intakes email sent to Yi Oh, Katie Andaloro, Carla Washington, Tanner Strom
2025-09-15 08:04:44,438 [INFO] Vivent Health CM New Intakes.
2025-09-15 08:05:23,985 [INFO] Writing to Excel.
2025-09-15 08:05:24,016 [INFO] File saved in C:\routine_weekly\social_services/austin_client_wo_tct_id/staging/Austin Clients Without a TCT ID.xlsx. Austin Clients Without a TCT ID.
2025-09-15 08:05:24,016 [INFO] Sending email.
2025-09-15 08:05:25,282 [INFO] Austin Clients Without a TCT ID email sent to Annette Guebara, Nicole Hamilton, Lourdes Pineda
2025-09-15 08:05:25,282 [INFO] Austin Clients Without a TCT ID.
2025-09-22 08:00:06,687 [INFO] Austin Clients Without a TCT ID.
2025-09-22 08:06:25,127 [INFO] Vivent Health CM New Intakes.
2025-09-22 08:06:28,735 [INFO] Sending email.
2025-09-22 08:06:29,950 [INFO] Vivent Health CM New Intakes email sent to Yi Oh, Katie Andaloro, Carla Washington, Tanner Strom
2025-09-22 08:06:29,981 [INFO] Vivent Health CM New Intakes.
2025-09-22 08:06:44,345 [INFO] Writing to Excel.
2025-09-22 08:06:44,375 [INFO] File saved in C:\routine_weekly\social_services/austin_client_wo_tct_id/staging/Austin Clients Without a TCT ID.xlsx. Austin Clients Without a TCT ID.
2025-09-22 08:06:44,375 [INFO] Sending email.
2025-09-22 08:06:45,413 [INFO] Austin Clients Without a TCT ID email sent to Annette Guebara, Nicole Hamilton, Lourdes Pineda
2025-09-22 08:06:45,413 [INFO] Austin Clients Without a TCT ID.
2025-09-29 08:00:06,658 [INFO] Austin Clients Without a TCT ID.
2025-10-06 08:00:09,274 [INFO] Austin Clients Without a TCT ID.
2025-10-06 08:12:53,532 [INFO] Vivent Health CM New Intakes.
2025-10-06 08:12:57,509 [INFO] Sending email.
2025-10-06 08:12:58,988 [INFO] Vivent Health CM New Intakes email sent to Yi Oh, Katie Andaloro, Carla Washington, Tanner Strom
2025-10-06 08:12:59,015 [INFO] Vivent Health CM New Intakes.
2025-10-06 08:13:54,229 [INFO] Writing to Excel.
2025-10-06 08:13:54,259 [INFO] File saved in C:\routine_weekly\social_services/austin_client_wo_tct_id/staging/Austin Clients Without a TCT ID.xlsx. Austin Clients Without a TCT ID.
2025-10-06 08:13:54,260 [INFO] Sending email.
2025-10-06 08:13:55,744 [INFO] Austin Clients Without a TCT ID email sent to Annette Guebara, Nicole Hamilton, Lourdes Pineda
2025-10-06 08:13:55,745 [INFO] Austin Clients Without a TCT ID.
2025-10-13 08:00:05,902 [INFO] Austin Clients Without a TCT ID.
2025-10-13 08:11:03,357 [INFO] Vivent Health CM New Intakes.
2025-10-13 08:11:07,247 [INFO] Sending email.
2025-10-13 08:11:08,529 [INFO] Vivent Health CM New Intakes email sent to Yi Oh, Katie Andaloro, Carla Washington, Tanner Strom
2025-10-13 08:11:08,544 [INFO] Vivent Health CM New Intakes.
2025-10-13 08:11:50,912 [INFO] Writing to Excel.
2025-10-13 08:11:50,943 [INFO] File saved in C:\routine_weekly\social_services/austin_client_wo_tct_id/staging/Austin Clients Without a TCT ID.xlsx. Austin Clients Without a TCT ID.
2025-10-13 08:11:50,944 [INFO] Sending email.
2025-10-13 08:11:51,923 [INFO] Austin Clients Without a TCT ID email sent to Annette Guebara, Nicole Hamilton, Lourdes Pineda
2025-10-13 08:11:51,923 [INFO] Austin Clients Without a TCT ID.
2025-10-20 08:00:07,639 [INFO] Austin Clients Without a TCT ID.
2025-10-20 08:07:12,546 [INFO] Vivent Health CM New Intakes.
2025-10-20 08:07:16,124 [INFO] Sending email.
2025-10-20 08:07:17,314 [INFO] Vivent Health CM New Intakes email sent to Yi Oh, Katie Andaloro, Carla Washington, Tanner Strom
2025-10-20 08:07:17,340 [INFO] Vivent Health CM New Intakes.
2025-10-20 08:07:43,450 [INFO] Writing to Excel.
2025-10-20 08:07:43,480 [INFO] File saved in C:\routine_weekly\social_services/austin_client_wo_tct_id/staging/Austin Clients Without a TCT ID.xlsx. Austin Clients Without a TCT ID.
2025-10-20 08:07:43,480 [INFO] Sending email.
2025-10-20 08:07:45,090 [INFO] Austin Clients Without a TCT ID email sent to Annette Guebara, Nicole Hamilton, Lourdes Pineda
2025-10-20 08:07:45,090 [INFO] Austin Clients Without a TCT ID.
2025-10-27 08:00:07,890 [INFO] Austin Clients Without a TCT ID.
2025-10-27 08:07:08,738 [INFO] Vivent Health CM New Intakes.
2025-10-27 08:07:12,573 [INFO] Sending email.
2025-10-27 08:07:14,710 [INFO] Vivent Health CM New Intakes email sent to Yi Oh, Katie Andaloro, Carla Washington, Tanner Strom
2025-10-27 08:07:14,733 [INFO] Vivent Health CM New Intakes.
2025-10-27 08:07:53,229 [INFO] Writing to Excel.
2025-10-27 08:07:53,259 [INFO] File saved in C:\routine_weekly\social_services/austin_client_wo_tct_id/staging/Austin Clients Without a TCT ID.xlsx. Austin Clients Without a TCT ID.
2025-10-27 08:07:53,260 [INFO] Sending email.
2025-10-27 08:07:54,358 [INFO] Austin Clients Without a TCT ID email sent to Annette Guebara, Nicole Hamilton, Lourdes Pineda
2025-10-27 08:07:54,358 [INFO] Austin Clients Without a TCT ID.
2025-11-03 08:00:07,242 [INFO] Austin Clients Without a TCT ID.
2025-11-03 08:13:03,407 [INFO] Vivent Health CM New Intakes.
2025-11-03 08:13:06,892 [INFO] Sending email.
2025-11-03 08:13:08,512 [INFO] Vivent Health CM New Intakes email sent to Yi Oh, Katie Andaloro, Carla Washington, Tanner Strom
2025-11-03 08:13:08,536 [INFO] Vivent Health CM New Intakes.
2025-11-03 08:13:36,526 [INFO] Writing to Excel.
2025-11-03 08:13:36,558 [INFO] File saved in C:\routine_weekly\social_services/austin_client_wo_tct_id/staging/Austin Clients Without a TCT ID.xlsx. Austin Clients Without a TCT ID.
2025-11-03 08:13:36,558 [INFO] Sending email.
2025-11-03 08:13:37,859 [INFO] Austin Clients Without a TCT ID email sent to Annette Guebara, Nicole Hamilton, Lourdes Pineda
2025-11-03 08:13:37,859 [INFO] Austin Clients Without a TCT ID.
2025-11-10 08:00:06,418 [INFO] Austin Clients Without a TCT ID.
2025-11-10 08:06:23,134 [INFO] Vivent Health CM New Intakes.
2025-11-10 08:06:26,474 [INFO] Sending email.
2025-11-10 08:06:28,115 [INFO] Vivent Health CM New Intakes email sent to Yi Oh, Katie Andaloro, Carla Washington, Tanner Strom
2025-11-10 08:06:28,140 [INFO] Vivent Health CM New Intakes.
2025-11-10 08:07:01,184 [INFO] Writing to Excel.
2025-11-10 08:07:01,208 [INFO] File saved in C:\routine_weekly\social_services/austin_client_wo_tct_id/staging/Austin Clients Without a TCT ID.xlsx. Austin Clients Without a TCT ID.
2025-11-10 08:07:01,208 [INFO] Sending email.
2025-11-10 08:07:02,214 [INFO] Austin Clients Without a TCT ID email sent to Annette Guebara, Nicole Hamilton, Lourdes Pineda
2025-11-10 08:07:02,214 [INFO] Austin Clients Without a TCT ID.
2025-11-17 08:00:07,603 [INFO] Austin Clients Without a TCT ID.
2025-11-17 08:08:19,342 [INFO] Vivent Health CM New Intakes.
2025-11-17 08:08:22,855 [INFO] Sending email.
2025-11-17 08:08:23,815 [INFO] Vivent Health CM New Intakes email sent to Yi Oh, Katie Andaloro, Carla Washington, Tanner Strom
2025-11-17 08:08:23,846 [INFO] Vivent Health CM New Intakes.
2025-11-17 08:08:42,368 [INFO] Writing to Excel.
2025-11-17 08:08:42,395 [INFO] File saved in C:\routine_weekly\social_services/austin_client_wo_tct_id/staging/Austin Clients Without a TCT ID.xlsx. Austin Clients Without a TCT ID.
2025-11-17 08:08:42,395 [INFO] Sending email.
2025-11-17 08:08:43,754 [INFO] Austin Clients Without a TCT ID email sent to Annette Guebara, Nicole Hamilton, Lourdes Pineda
2025-11-17 08:08:43,754 [INFO] Austin Clients Without a TCT ID.
2025-11-24 08:00:51,110 [INFO] Austin Clients Without a TCT ID.
2025-11-24 08:05:39,502 [INFO] Vivent Health CM New Intakes.
2025-11-24 08:05:43,394 [INFO] There are no data.
2025-11-24 08:05:43,394 [INFO] Vivent Health CM New Intakes.
2025-11-24 08:05:43,410 [INFO] Vivent Health CM New Intakes.
2025-11-24 08:07:38,222 [INFO] Writing to Excel.
2025-11-24 08:07:38,267 [INFO] File saved in C:\routine_weekly\social_services/austin_client_wo_tct_id/staging/Austin Clients Without a TCT ID.xlsx. Austin Clients Without a TCT ID.
2025-11-24 08:07:38,268 [INFO] Sending email.
2025-11-24 08:07:39,720 [INFO] Austin Clients Without a TCT ID email sent to Annette Guebara, Nicole Hamilton, Lourdes Pineda
2025-11-24 08:07:39,720 [INFO] Austin Clients Without a TCT ID.
2025-12-01 08:00:07,704 [INFO] Austin Clients Without a TCT ID.
2025-12-01 08:05:54,181 [INFO] Vivent Health CM New Intakes.
2025-12-01 08:05:57,752 [INFO] Sending email.
2025-12-01 08:05:58,648 [INFO] Vivent Health CM New Intakes email sent to Yi Oh, Katie Andaloro, Carla Washington, Tanner Strom
2025-12-01 08:05:58,679 [INFO] Vivent Health CM New Intakes.
2025-12-01 08:06:17,957 [INFO] Writing to Excel.
2025-12-01 08:06:18,019 [INFO] File saved in C:\routine_weekly\social_services/austin_client_wo_tct_id/staging/Austin Clients Without a TCT ID.xlsx. Austin Clients Without a TCT ID.
2025-12-01 08:06:18,019 [INFO] Sending email.
2025-12-01 08:06:18,993 [INFO] Austin Clients Without a TCT ID email sent to Annette Guebara, Nicole Hamilton, Lourdes Pineda
2025-12-01 08:06:18,994 [INFO] Austin Clients Without a TCT ID.
2025-12-08 08:00:07,743 [INFO] Austin Clients Without a TCT ID.
2025-12-08 08:07:11,782 [INFO] Vivent Health CM New Intakes.
2025-12-08 08:07:15,502 [INFO] Sending email.
2025-12-08 08:07:16,750 [INFO] Vivent Health CM New Intakes email sent to Yi Oh, Katie Andaloro, Carla Washington, Tanner Strom
2025-12-08 08:07:16,775 [INFO] Vivent Health CM New Intakes.
2025-12-08 08:07:58,020 [INFO] Writing to Excel.
2025-12-08 08:07:58,068 [INFO] File saved in C:\routine_weekly\social_services/austin_client_wo_tct_id/staging/Austin Clients Without a TCT ID.xlsx. Austin Clients Without a TCT ID.
2025-12-08 08:07:58,068 [INFO] Sending email.
2025-12-08 08:07:58,979 [INFO] Austin Clients Without a TCT ID email sent to Annette Guebara, Nicole Hamilton, Lourdes Pineda
2025-12-08 08:07:58,979 [INFO] Austin Clients Without a TCT ID.
2025-12-15 08:00:08,051 [INFO] Austin Clients Without a TCT ID.
2025-12-15 08:27:30,877 [INFO] Vivent Health CM New Intakes.
2025-12-15 08:27:34,924 [INFO] Sending email.
2025-12-15 08:27:36,130 [INFO] Vivent Health CM New Intakes email sent to Yi Oh, Katie Andaloro, Carla Washington, Tanner Strom
2025-12-15 08:27:36,163 [INFO] Vivent Health CM New Intakes.
2025-12-15 08:27:55,538 [INFO] Writing to Excel.
2025-12-15 08:27:55,577 [INFO] File saved in C:\routine_weekly\social_services/austin_client_wo_tct_id/staging/Austin Clients Without a TCT ID.xlsx. Austin Clients Without a TCT ID.
2025-12-15 08:27:55,577 [INFO] Sending email.
2025-12-15 08:27:59,664 [INFO] Austin Clients Without a TCT ID email sent to Annette Guebara, Nicole Hamilton, Lourdes Pineda
2025-12-15 08:27:59,664 [INFO] Austin Clients Without a TCT ID.
2025-12-22 08:00:07,114 [INFO] Austin Clients Without a TCT ID.
2025-12-22 08:05:27,757 [INFO] Vivent Health CM New Intakes.
2025-12-22 08:05:31,743 [INFO] Sending email.
2025-12-22 08:05:33,279 [INFO] Vivent Health CM New Intakes email sent to Yi Oh, Katie Andaloro, Carla Washington, Tanner Strom
2025-12-22 08:05:33,315 [INFO] Vivent Health CM New Intakes.
2025-12-22 08:05:56,150 [INFO] Writing to Excel.
2025-12-22 08:05:56,198 [INFO] File saved in C:\routine_weekly\social_services/austin_client_wo_tct_id/staging/Austin Clients Without a TCT ID.xlsx. Austin Clients Without a TCT ID.
2025-12-22 08:05:56,201 [INFO] Sending email.
2025-12-22 08:06:01,756 [INFO] Austin Clients Without a TCT ID email sent to Annette Guebara, Nicole Hamilton, Lourdes Pineda
2025-12-22 08:06:01,756 [INFO] Austin Clients Without a TCT ID.
2025-12-29 08:00:08,235 [INFO] Austin Clients Without a TCT ID.
2025-12-29 08:10:46,181 [INFO] Vivent Health CM New Intakes.
2025-12-29 08:10:49,912 [INFO] Sending email.
2025-12-29 08:10:50,978 [INFO] Vivent Health CM New Intakes email sent to Yi Oh, Katie Andaloro, Carla Washington, Tanner Strom
2025-12-29 08:10:51,010 [INFO] Vivent Health CM New Intakes.
2025-12-29 08:11:50,665 [INFO] Writing to Excel.
2025-12-29 08:11:50,709 [INFO] File saved in C:\routine_weekly\social_services/austin_client_wo_tct_id/staging/Austin Clients Without a TCT ID.xlsx. Austin Clients Without a TCT ID.
2025-12-29 08:11:50,710 [INFO] Sending email.
2025-12-29 08:11:52,453 [INFO] Austin Clients Without a TCT ID email sent to Annette Guebara, Nicole Hamilton, Lourdes Pineda
2025-12-29 08:11:52,453 [INFO] Austin Clients Without a TCT ID.
